<?xml version="1.0" encoding="utf-8"?><testsuites name="pytest tests"><testsuite name="pytest" errors="5" failures="0" skipped="0" tests="5" time="2.375" timestamp="2025-09-10T21:22:31.185483+05:30" hostname="C02GX2FKQ6LR"><testcase classname="" name="tests.test_enhanced_tools" time="0.000"><error message="collection failure">'unit' not found in `markers` configuration option</error></testcase><testcase classname="" name="tests.test_integration" time="0.000"><error message="collection failure">'integration' not found in `markers` configuration option</error></testcase><testcase classname="" name="tests.test_tools" time="0.000"><error message="collection failure">'unit' not found in `markers` configuration option</error></testcase><testcase classname="" name="tests.test_unit_basic" time="0.000"><error message="collection failure">'unit' not found in `markers` configuration option</error></testcase><testcase classname="" name="tests.test_workflow" time="0.000"><error message="collection failure">'integration' not found in `markers` configuration option</error></testcase></testsuite></testsuites>