<?xml version="1.0" encoding="utf-8"?><testsuites name="pytest tests"><testsuite name="pytest" errors="5" failures="0" skipped="0" tests="5" time="2.702" timestamp="2025-09-10T21:19:58.062432+05:30" hostname="C02GX2FKQ6LR"><testcase classname="" name="tests.test_enhanced_tools" time="0.000"><error message="collection failure">venv/lib/python3.13/site-packages/_pytest/python.py:498: in importtestmodule
    mod = import_path(
venv/lib/python3.13/site-packages/_pytest/pathlib.py:587: in import_path
    importlib.import_module(module_name)
/opt/homebrew/Cellar/python@3.13/3.13.5/Frameworks/Python.framework/Versions/3.13/lib/python3.13/importlib/__init__.py:88: in import_module
    return _bootstrap._gcd_import(name[level:], package, level)
           ^^^^^^^^^^^^^^^^^^^^^^^^^^^^^^^^^^^^^^^^^^^^^^^^^^^^
&lt;frozen importlib._bootstrap&gt;:1387: in _gcd_import
    ???
&lt;frozen importlib._bootstrap&gt;:1360: in _find_and_load
    ???
&lt;frozen importlib._bootstrap&gt;:1331: in _find_and_load_unlocked
    ???
&lt;frozen importlib._bootstrap&gt;:935: in _load_unlocked
    ???
venv/lib/python3.13/site-packages/_pytest/assertion/rewrite.py:177: in exec_module
    source_stat, co = _rewrite_test(fn, self.config)
                      ^^^^^^^^^^^^^^^^^^^^^^^^^^^^^^
venv/lib/python3.13/site-packages/_pytest/assertion/rewrite.py:357: in _rewrite_test
    tree = ast.parse(source, filename=strfn)
           ^^^^^^^^^^^^^^^^^^^^^^^^^^^^^^^^^
/opt/homebrew/Cellar/python@3.13/3.13.5/Frameworks/Python.framework/Versions/3.13/lib/python3.13/ast.py:50: in parse
    return compile(source, filename, mode, flags,
E     File "/Users/ridam.chhapiya/Downloads/MyProd/competitor-research-agent/tests/test_enhanced_tools.py", line 67
E       def test_empty_query_handling(self):
E       ^^^
E   IndentationError: expected an indented block after function definition on line 65</error></testcase><testcase classname="" name="tests.test_integration" time="0.000"><error message="collection failure">'integration' not found in `markers` configuration option</error></testcase><testcase classname="" name="tests.test_tools" time="0.000"><error message="collection failure">'unit' not found in `markers` configuration option</error></testcase><testcase classname="" name="tests.test_unit_basic" time="0.000"><error message="collection failure">'unit' not found in `markers` configuration option</error></testcase><testcase classname="" name="tests.test_workflow" time="0.000"><error message="collection failure">'integration' not found in `markers` configuration option</error></testcase></testsuite></testsuites>